<?xml version="1.0" encoding="UTF-8"?>
<!-- Generated by org.testng.reporters.JUnitXMLReporter -->
<testsuite ignored="0" hostname="Joshni" failures="0" tests="4" name="Test" time="6.632" errors="0" timestamp="2024-09-12T16:01:35 IST">
  <testcase classname="com.Amazokort.registertest.RegisterTest" name="registerValidData" time="3.368"/>
  <testcase classname="com.Amazokort.registertest.RegisterTest" name="validateRegisterButtoncolour" time="0.069"/>
  <testcase classname="com.Amazokort.registertest.RegisterTest" name="validateRegisterButtonposition" time="0.062"/>
  <testcase classname="com.Amazokort.registertest.RegisterTest" name="validateRegisterButtonsize" time="0.052"/>
</testsuite> <!-- Test -->
