<?xml version="1.0" encoding="UTF-8"?>
<!-- Generated by org.testng.reporters.JUnitXMLReporter -->
<testsuite ignored="1" hostname="Joshni" failures="0" tests="3" name="Test" time="6.226" errors="0" timestamp="2024-08-09T10:52:24 IST">
  <testcase classname="com.Amazokort.registertest.RegisterTest" name="createuser_invalidData" time="0.404"/>
  <testcase classname="com.Amazokort.registertest.RegisterTest" name="createuser_invalidData" time="0.484"/>
  <testcase classname="com.Amazokort.registertest.RegisterTest" name="createuser_invalidData" time="0.52"/>
  <testcase classname="com.Amazokort.registertest.RegisterTest" name="createuser_validData" time="0.0">
    <ignored/>
  </testcase> <!-- createuser_validData -->
</testsuite> <!-- Test -->
