<?xml version="1.0" encoding="UTF-8"?>
<!-- Generated by org.testng.reporters.JUnitXMLReporter -->
<testsuite ignored="2" hostname="Joshni" failures="0" tests="1" name="edgeTest" time="0.064" errors="0" timestamp="2024-09-09T17:07:09 IST">
  <testcase classname="com.Amazokort.mensproducttest.MensProductTest" name="addProduct" time="0.014"/>
  <testcase classname="com.Amazokort.mensproducttest.MensProductTest" name="deleteProduct" time="0.0">
    <ignored/>
  </testcase> <!-- deleteProduct -->
  <testcase classname="com.Amazokort.mensproducttest.MensProductTest" name="updateProduct" time="0.0">
    <ignored/>
  </testcase> <!-- updateProduct -->
</testsuite> <!-- edgeTest -->
