<?xml version="1.0" encoding="UTF-8"?>
<!-- Generated by org.testng.reporters.JUnitXMLReporter -->
<testsuite ignored="2" hostname="Joshni" failures="0" tests="1" name="FirefoxTest" time="0.064" errors="0" timestamp="2024-09-09T17:07:09 IST">
  <testcase classname="com.Amazokort.electronicproducttest.ElectronicproductTest" name="addProduct" time="0.014"/>
  <testcase classname="com.Amazokort.electronicproducttest.ElectronicproductTest" name="updateproduct" time="0.0">
    <ignored/>
  </testcase> <!-- updateproduct -->
  <testcase classname="com.Amazokort.electronicproducttest.ElectronicproductTest" name="deleteproduct" time="0.0">
    <ignored/>
  </testcase> <!-- deleteproduct -->
</testsuite> <!-- FirefoxTest -->
