<?xml version="1.0" encoding="UTF-8"?>
<!-- Generated by org.testng.reporters.JUnitXMLReporter -->
<testsuite ignored="48" hostname="Joshni" failures="0" tests="39" name="Test" time="40.209" errors="0" timestamp="2024-08-14T11:32:44 IST">
  <testcase classname="com.Amazokort.kidsproducttest.KidsProduct10Test" name="addProduct" time="0.009"/>
  <testcase classname="com.Amazokort.kidsproducttest.KidsProduct10Test" name="deleteProduct" time="0.002"/>
  <testcase classname="com.Amazokort.kidsproducttest.KidsProduct10Test" name="updateProduct" time="0.003"/>
  <testcase classname="com.Amazokart.producttest.product_CommonTest" name="addProduct" time="0.002"/>
  <testcase classname="com.Amazokart.producttest.product_CommonTest" name="deleteProduct" time="0.001"/>
  <testcase classname="com.Amazokart.producttest.product_CommonTest" name="updateProduct" time="0.002"/>
  <testcase classname="com.Amazokort.kidsproducttest.KidsProduct9Test" name="addProduct" time="0.001"/>
  <testcase classname="com.Amazokort.kidsproducttest.KidsProduct9Test" name="deleteProduct" time="0.001"/>
  <testcase classname="com.Amazokort.kidsproducttest.KidsProduct9Test" name="updateProduct" time="0.002"/>
  <testcase classname="com.Amazokort.kidsproducttest.KidsProduct6Test" name="addProduct" time="0.002"/>
  <testcase classname="com.Amazokort.kidsproducttest.KidsProduct6Test" name="deleteProduct" time="0.002"/>
  <testcase classname="com.Amazokort.kidsproducttest.KidsProduct6Test" name="updateProduct" time="0.001"/>
  <testcase classname="com.Amazokort.kidsproducttest.KidsProduct4Test" name="addProduct" time="0.004"/>
  <testcase classname="com.Amazokort.kidsproducttest.KidsProduct4Test" name="deleteProduct" time="0.001"/>
  <testcase classname="com.Amazokort.kidsproducttest.KidsProduct4Test" name="updateProduct" time="0.001"/>
  <testcase classname="com.Amazokort.kidsproducttest.KidsProduct8Test" name="addProduct" time="0.001"/>
  <testcase classname="com.Amazokort.kidsproducttest.KidsProduct8Test" name="deleteProduct" time="0.001"/>
  <testcase classname="com.Amazokort.kidsproducttest.KidsProduct8Test" name="updateProduct" time="0.003"/>
  <testcase classname="com.Amazokort.kidsproducttest.KidsProduct1Test" name="addProduct" time="0.003"/>
  <testcase classname="com.Amazokort.kidsproducttest.KidsProduct1Test" name="updateProduct" time="0.001"/>
  <testcase classname="com.Amazokort.kidsproducttest.KidsProduct1Test" name="deleteProduct" time="0.001"/>
  <testcase classname="com.Amazokort.mensproducttest.MensProductTest" name="addProduct" time="0.001"/>
  <testcase classname="com.Amazokort.mensproducttest.MensProductTest" name="deleteProduct" time="0.001"/>
  <testcase classname="com.Amazokort.mensproducttest.MensProductTest" name="updateProduct" time="0.0"/>
  <testcase classname="com.Amazokort.electronicproducttest.ElectronicproductTest" name="addProduct" time="0.001"/>
  <testcase classname="com.Amazokort.electronicproducttest.ElectronicproductTest" name="deleteproduct" time="0.001"/>
  <testcase classname="com.Amazokort.electronicproducttest.ElectronicproductTest" name="updateproduct" time="0.004"/>
  <testcase classname="com.Amazokort.kidsproducttest.KidsProduct3Test" name="addProduct" time="0.001"/>
  <testcase classname="com.Amazokort.kidsproducttest.KidsProduct3Test" name="deleteProduct" time="0.001"/>
  <testcase classname="com.Amazokort.kidsproducttest.KidsProduct3Test" name="updateProduct" time="0.001"/>
  <testcase classname="com.Amazokort.kidsproducttest.KidsProduct5Test" name="addProduct" time="0.002"/>
  <testcase classname="com.Amazokort.kidsproducttest.KidsProduct5Test" name="deleteProduct" time="0.001"/>
  <testcase classname="com.Amazokort.kidsproducttest.KidsProduct5Test" name="updateProduct" time="0.001"/>
  <testcase classname="com.Amazokort.kidsproducttest.KidsProduct2Test" name="addProduct" time="0.001"/>
  <testcase classname="com.Amazokort.kidsproducttest.KidsProduct2Test" name="deleteProduct" time="0.002"/>
  <testcase classname="com.Amazokort.kidsproducttest.KidsProduct2Test" name="updateProduct" time="0.002"/>
  <testcase classname="com.Amazokort.kidsproducttest.KidsProduct7Test" name="addProduct" time="0.001"/>
  <testcase classname="com.Amazokort.kidsproducttest.KidsProduct7Test" name="deleteProduct" time="0.001"/>
  <testcase classname="com.Amazokort.kidsproducttest.KidsProduct7Test" name="updateProduct" time="0.001"/>
  <testcase classname="com.Amazokart.generic.common.BaseClass" name="@AfterTest postcondition" time="0.0">
    <ignored/>
  </testcase> <!-- @AfterTest postcondition -->
  <testcase classname="com.Amazokart.generic.common.BaseClass" name="@BeforeTest precondition" time="0.0">
    <ignored/>
  </testcase> <!-- @BeforeTest precondition -->
  <testcase classname="com.Amazokart.generic.common.BaseClass" name="@AfterSuite terminatesuiteconnection" time="0.0">
    <ignored/>
  </testcase> <!-- @AfterSuite terminatesuiteconnection -->
  <testcase classname="com.Amazokart.generic.common.BaseClass" name="@AfterSuite terminatesuiteconnection" time="0.0">
    <ignored/>
  </testcase> <!-- @AfterSuite terminatesuiteconnection -->
  <testcase classname="com.Amazokart.generic.common.BaseClass" name="@AfterTest postcondition" time="0.0">
    <ignored/>
  </testcase> <!-- @AfterTest postcondition -->
  <testcase classname="com.Amazokart.generic.common.BaseClass" name="@AfterSuite terminatesuiteconnection" time="0.0">
    <ignored/>
  </testcase> <!-- @AfterSuite terminatesuiteconnection -->
  <testcase classname="com.Amazokart.generic.common.BaseClass" name="@BeforeTest precondition" time="0.0">
    <ignored/>
  </testcase> <!-- @BeforeTest precondition -->
  <testcase classname="com.Amazokart.generic.common.BaseClass" name="@BeforeTest precondition" time="0.0">
    <ignored/>
  </testcase> <!-- @BeforeTest precondition -->
  <testcase classname="com.Amazokart.generic.common.BaseClass" name="@BeforeTest precondition" time="0.0">
    <ignored/>
  </testcase> <!-- @BeforeTest precondition -->
  <testcase classname="com.Amazokart.generic.common.BaseClass" name="@AfterSuite terminatesuiteconnection" time="0.0">
    <ignored/>
  </testcase> <!-- @AfterSuite terminatesuiteconnection -->
  <testcase classname="com.Amazokart.generic.common.BaseClass" name="@BeforeSuite getsuiteconnection" time="0.0">
    <ignored/>
  </testcase> <!-- @BeforeSuite getsuiteconnection -->
  <testcase classname="com.Amazokart.generic.common.BaseClass" name="@AfterTest postcondition" time="0.0">
    <ignored/>
  </testcase> <!-- @AfterTest postcondition -->
  <testcase classname="com.Amazokart.generic.common.BaseClass" name="@AfterTest postcondition" time="0.0">
    <ignored/>
  </testcase> <!-- @AfterTest postcondition -->
  <testcase classname="com.Amazokart.generic.common.BaseClass" name="@BeforeSuite getsuiteconnection" time="0.0">
    <ignored/>
  </testcase> <!-- @BeforeSuite getsuiteconnection -->
  <testcase classname="com.Amazokart.generic.common.BaseClass" name="@BeforeSuite getsuiteconnection" time="0.0">
    <ignored/>
  </testcase> <!-- @BeforeSuite getsuiteconnection -->
  <testcase classname="com.Amazokart.generic.common.BaseClass" name="@BeforeSuite getsuiteconnection" time="0.0">
    <ignored/>
  </testcase> <!-- @BeforeSuite getsuiteconnection -->
  <testcase classname="com.Amazokart.generic.common.BaseClass" name="@BeforeTest precondition" time="0.0">
    <ignored/>
  </testcase> <!-- @BeforeTest precondition -->
  <testcase classname="com.Amazokart.generic.common.BaseClass" name="@BeforeTest precondition" time="0.0">
    <ignored/>
  </testcase> <!-- @BeforeTest precondition -->
  <testcase classname="com.Amazokart.generic.common.BaseClass" name="@BeforeTest precondition" time="0.0">
    <ignored/>
  </testcase> <!-- @BeforeTest precondition -->
  <testcase classname="com.Amazokart.generic.common.BaseClass" name="@AfterSuite terminatesuiteconnection" time="0.0">
    <ignored/>
  </testcase> <!-- @AfterSuite terminatesuiteconnection -->
  <testcase classname="com.Amazokart.generic.common.BaseClass" name="@BeforeSuite getsuiteconnection" time="0.0">
    <ignored/>
  </testcase> <!-- @BeforeSuite getsuiteconnection -->
  <testcase classname="com.Amazokart.generic.common.BaseClass" name="@AfterSuite terminatesuiteconnection" time="0.0">
    <ignored/>
  </testcase> <!-- @AfterSuite terminatesuiteconnection -->
  <testcase classname="com.Amazokart.generic.common.BaseClass" name="@BeforeSuite getsuiteconnection" time="0.0">
    <ignored/>
  </testcase> <!-- @BeforeSuite getsuiteconnection -->
  <testcase classname="com.Amazokart.generic.common.BaseClass" name="@AfterTest postcondition" time="0.0">
    <ignored/>
  </testcase> <!-- @AfterTest postcondition -->
  <testcase classname="com.Amazokart.generic.common.BaseClass" name="@AfterTest postcondition" time="0.0">
    <ignored/>
  </testcase> <!-- @AfterTest postcondition -->
  <testcase classname="com.Amazokart.generic.common.BaseClass" name="@AfterTest postcondition" time="0.0">
    <ignored/>
  </testcase> <!-- @AfterTest postcondition -->
  <testcase classname="com.Amazokart.generic.common.BaseClass" name="@AfterSuite terminatesuiteconnection" time="0.0">
    <ignored/>
  </testcase> <!-- @AfterSuite terminatesuiteconnection -->
  <testcase classname="com.Amazokart.generic.common.BaseClass" name="@BeforeTest precondition" time="0.0">
    <ignored/>
  </testcase> <!-- @BeforeTest precondition -->
  <testcase classname="com.Amazokart.generic.common.BaseClass" name="@BeforeSuite getsuiteconnection" time="0.0">
    <ignored/>
  </testcase> <!-- @BeforeSuite getsuiteconnection -->
  <testcase classname="com.Amazokart.generic.common.BaseClass" name="@AfterSuite terminatesuiteconnection" time="0.0">
    <ignored/>
  </testcase> <!-- @AfterSuite terminatesuiteconnection -->
  <testcase classname="com.Amazokart.generic.common.BaseClass" name="@BeforeSuite getsuiteconnection" time="0.0">
    <ignored/>
  </testcase> <!-- @BeforeSuite getsuiteconnection -->
  <testcase classname="com.Amazokart.generic.common.BaseClass" name="@BeforeTest precondition" time="0.0">
    <ignored/>
  </testcase> <!-- @BeforeTest precondition -->
  <testcase classname="com.Amazokart.generic.common.BaseClass" name="@BeforeSuite getsuiteconnection" time="0.0">
    <ignored/>
  </testcase> <!-- @BeforeSuite getsuiteconnection -->
  <testcase classname="com.Amazokart.generic.common.BaseClass" name="@AfterTest postcondition" time="0.0">
    <ignored/>
  </testcase> <!-- @AfterTest postcondition -->
  <testcase classname="com.Amazokart.generic.common.BaseClass" name="@AfterSuite terminatesuiteconnection" time="0.0">
    <ignored/>
  </testcase> <!-- @AfterSuite terminatesuiteconnection -->
  <testcase classname="com.Amazokart.generic.common.BaseClass" name="@AfterTest postcondition" time="0.0">
    <ignored/>
  </testcase> <!-- @AfterTest postcondition -->
  <testcase classname="com.Amazokart.generic.common.BaseClass" name="@AfterTest postcondition" time="0.0">
    <ignored/>
  </testcase> <!-- @AfterTest postcondition -->
  <testcase classname="com.Amazokart.generic.common.BaseClass" name="@AfterSuite terminatesuiteconnection" time="0.0">
    <ignored/>
  </testcase> <!-- @AfterSuite terminatesuiteconnection -->
  <testcase classname="com.Amazokart.generic.common.BaseClass" name="@AfterTest postcondition" time="0.0">
    <ignored/>
  </testcase> <!-- @AfterTest postcondition -->
  <testcase classname="com.Amazokart.generic.common.BaseClass" name="@BeforeTest precondition" time="0.0">
    <ignored/>
  </testcase> <!-- @BeforeTest precondition -->
  <testcase classname="com.Amazokart.generic.common.BaseClass" name="@AfterTest postcondition" time="0.0">
    <ignored/>
  </testcase> <!-- @AfterTest postcondition -->
  <testcase classname="com.Amazokart.generic.common.BaseClass" name="@BeforeTest precondition" time="0.0">
    <ignored/>
  </testcase> <!-- @BeforeTest precondition -->
  <testcase classname="com.Amazokart.generic.common.BaseClass" name="@BeforeSuite getsuiteconnection" time="0.0">
    <ignored/>
  </testcase> <!-- @BeforeSuite getsuiteconnection -->
  <testcase classname="com.Amazokart.generic.common.BaseClass" name="@BeforeSuite getsuiteconnection" time="0.0">
    <ignored/>
  </testcase> <!-- @BeforeSuite getsuiteconnection -->
  <testcase classname="com.Amazokart.generic.common.BaseClass" name="@BeforeTest precondition" time="0.0">
    <ignored/>
  </testcase> <!-- @BeforeTest precondition -->
  <testcase classname="com.Amazokart.generic.common.BaseClass" name="@BeforeSuite getsuiteconnection" time="0.0">
    <ignored/>
  </testcase> <!-- @BeforeSuite getsuiteconnection -->
  <testcase classname="com.Amazokart.generic.common.BaseClass" name="@AfterSuite terminatesuiteconnection" time="0.0">
    <ignored/>
  </testcase> <!-- @AfterSuite terminatesuiteconnection -->
  <testcase classname="com.Amazokart.generic.common.BaseClass" name="@AfterSuite terminatesuiteconnection" time="0.0">
    <ignored/>
  </testcase> <!-- @AfterSuite terminatesuiteconnection -->
</testsuite> <!-- Test -->
