<?xml version="1.0" encoding="UTF-8"?>
<testng-results ignored="0" total="3" passed="3" failed="0" skipped="0">
  <reporter-output>
    <line>
      <![CDATA[Getsuiteconnection Done sucessfully]]>
    </line>
    <line>
      <![CDATA[Precondition Done sucessfully]]>
    </line>
    <line>
      <![CDATA[BrowserSetup sucessfully]]>
    </line>
    <line>
      <![CDATA[Login sucessfully]]>
    </line>
    <line>
      <![CDATA[createuser_InvalidData for Register Test]]>
    </line>
    <line>
      <![CDATA[Logout sucessfully]]>
    </line>
    <line>
      <![CDATA[Login sucessfully]]>
    </line>
    <line>
      <![CDATA[createuser_InvalidData for Register Test]]>
    </line>
    <line>
      <![CDATA[Logout sucessfully]]>
    </line>
    <line>
      <![CDATA[Login sucessfully]]>
    </line>
    <line>
      <![CDATA[createuser_InvalidData for Register Test]]>
    </line>
    <line>
      <![CDATA[Logout sucessfully]]>
    </line>
    <line>
      <![CDATA[Closebrowser sucessfully]]>
    </line>
    <line>
      <![CDATA[Postcondition Done sucessfully]]>
    </line>
    <line>
      <![CDATA[Terminatesuiteconnection Done sucessfully]]>
    </line>
  </reporter-output>
  <suite started-at="2024-08-09T10:52:18 IST" name="Suite" finished-at="2024-08-09T10:52:24 IST" duration-ms="6226">
    <groups>
    </groups>
    <test started-at="2024-08-09T10:52:18 IST" name="Test" finished-at="2024-08-09T10:52:24 IST" duration-ms="6226">
      <class name="com.Amazokort.registertest.RegisterTest">
        <test-method is-config="true" signature="getsuiteconnection()[pri:0, instance:com.Amazokort.registertest.RegisterTest@8458f04]" started-at="2024-08-09T10:52:18 IST" name="getsuiteconnection" finished-at="2024-08-09T10:52:18 IST" duration-ms="11" status="PASS">
          <reporter-output>
            <line>
              <![CDATA[Getsuiteconnection Done sucessfully]]>
            </line>
          </reporter-output>
        </test-method> <!-- getsuiteconnection -->
        <test-method is-config="true" signature="precondition()[pri:0, instance:com.Amazokort.registertest.RegisterTest@8458f04]" started-at="2024-08-09T10:52:18 IST" name="precondition" finished-at="2024-08-09T10:52:18 IST" duration-ms="0" status="PASS">
          <reporter-output>
            <line>
              <![CDATA[Precondition Done sucessfully]]>
            </line>
          </reporter-output>
        </test-method> <!-- precondition -->
        <test-method is-config="true" signature="browserSetup(java.lang.String)[pri:0, instance:com.Amazokort.registertest.RegisterTest@8458f04]" started-at="2024-08-09T10:52:18 IST" name="browserSetup" finished-at="2024-08-09T10:52:22 IST" duration-ms="4768" status="PASS">
          <params>
            <param index="0">
              <value>
                <![CDATA[edge]]>
              </value>
            </param>
          </params>
          <reporter-output>
            <line>
              <![CDATA[BrowserSetup sucessfully]]>
            </line>
          </reporter-output>
        </test-method> <!-- browserSetup -->
        <test-method is-config="true" signature="login()[pri:0, instance:com.Amazokort.registertest.RegisterTest@8458f04]" started-at="2024-08-09T10:52:22 IST" name="login" finished-at="2024-08-09T10:52:22 IST" duration-ms="1" status="PASS">
          <reporter-output>
            <line>
              <![CDATA[Login sucessfully]]>
            </line>
          </reporter-output>
        </test-method> <!-- login -->
        <test-method signature="createuser_invalidData(java.lang.String,java.lang.String,java.lang.String)[pri:0, instance:com.Amazokort.registertest.RegisterTest@8458f04]" started-at="2024-08-09T10:52:22 IST" name="createuser_invalidData" data-provider="register" finished-at="2024-08-09T10:52:23 IST" duration-ms="404" status="PASS">
          <params>
            <param index="0">
              <value>
                <![CDATA[Josh]]>
              </value>
            </param>
            <param index="1">
              <value>
                <![CDATA[101]]>
              </value>
            </param>
            <param index="2">
              <value>
                <![CDATA[Testing]]>
              </value>
            </param>
          </params>
          <reporter-output>
            <line>
              <![CDATA[createuser_InvalidData for Register Test]]>
            </line>
          </reporter-output>
        </test-method> <!-- createuser_invalidData -->
        <test-method is-config="true" signature="logout()[pri:0, instance:com.Amazokort.registertest.RegisterTest@8458f04]" started-at="2024-08-09T10:52:23 IST" name="logout" finished-at="2024-08-09T10:52:23 IST" duration-ms="0" status="PASS">
          <reporter-output>
            <line>
              <![CDATA[Logout sucessfully]]>
            </line>
          </reporter-output>
        </test-method> <!-- logout -->
        <test-method signature="createuser_invalidData(java.lang.String,java.lang.String,java.lang.String)[pri:0, instance:com.Amazokort.registertest.RegisterTest@8458f04]" started-at="2024-08-09T10:52:23 IST" name="createuser_invalidData" data-provider="register" finished-at="2024-08-09T10:52:23 IST" duration-ms="484" status="PASS">
          <params>
            <param index="0">
              <value>
                <![CDATA[Joshni]]>
              </value>
            </param>
            <param index="1">
              <value>
                <![CDATA[102]]>
              </value>
            </param>
            <param index="2">
              <value>
                <![CDATA[Developer]]>
              </value>
            </param>
          </params>
          <reporter-output>
            <line>
              <![CDATA[createuser_InvalidData for Register Test]]>
            </line>
          </reporter-output>
        </test-method> <!-- createuser_invalidData -->
        <test-method is-config="true" signature="login()[pri:0, instance:com.Amazokort.registertest.RegisterTest@8458f04]" started-at="2024-08-09T10:52:23 IST" name="login" finished-at="2024-08-09T10:52:23 IST" duration-ms="0" status="PASS">
          <reporter-output>
            <line>
              <![CDATA[Login sucessfully]]>
            </line>
          </reporter-output>
        </test-method> <!-- login -->
        <test-method is-config="true" signature="logout()[pri:0, instance:com.Amazokort.registertest.RegisterTest@8458f04]" started-at="2024-08-09T10:52:23 IST" name="logout" finished-at="2024-08-09T10:52:23 IST" duration-ms="0" status="PASS">
          <reporter-output>
            <line>
              <![CDATA[Logout sucessfully]]>
            </line>
          </reporter-output>
        </test-method> <!-- logout -->
        <test-method signature="createuser_invalidData(java.lang.String,java.lang.String,java.lang.String)[pri:0, instance:com.Amazokort.registertest.RegisterTest@8458f04]" started-at="2024-08-09T10:52:23 IST" name="createuser_invalidData" data-provider="register" finished-at="2024-08-09T10:52:24 IST" duration-ms="520" status="PASS">
          <params>
            <param index="0">
              <value>
                <![CDATA[Joshii]]>
              </value>
            </param>
            <param index="1">
              <value>
                <![CDATA[103]]>
              </value>
            </param>
            <param index="2">
              <value>
                <![CDATA[Devops]]>
              </value>
            </param>
          </params>
          <reporter-output>
            <line>
              <![CDATA[createuser_InvalidData for Register Test]]>
            </line>
          </reporter-output>
        </test-method> <!-- createuser_invalidData -->
        <test-method is-config="true" signature="login()[pri:0, instance:com.Amazokort.registertest.RegisterTest@8458f04]" started-at="2024-08-09T10:52:23 IST" name="login" finished-at="2024-08-09T10:52:23 IST" duration-ms="0" status="PASS">
          <reporter-output>
            <line>
              <![CDATA[Login sucessfully]]>
            </line>
          </reporter-output>
        </test-method> <!-- login -->
        <test-method is-config="true" signature="logout()[pri:0, instance:com.Amazokort.registertest.RegisterTest@8458f04]" started-at="2024-08-09T10:52:24 IST" name="logout" finished-at="2024-08-09T10:52:24 IST" duration-ms="1" status="PASS">
          <reporter-output>
            <line>
              <![CDATA[Logout sucessfully]]>
            </line>
          </reporter-output>
        </test-method> <!-- logout -->
        <test-method is-config="true" signature="closebrowser()[pri:0, instance:com.Amazokort.registertest.RegisterTest@8458f04]" started-at="2024-08-09T10:52:24 IST" name="closebrowser" finished-at="2024-08-09T10:52:24 IST" duration-ms="1" status="PASS">
          <reporter-output>
            <line>
              <![CDATA[Closebrowser sucessfully]]>
            </line>
          </reporter-output>
        </test-method> <!-- closebrowser -->
        <test-method is-config="true" signature="postcondition()[pri:0, instance:com.Amazokort.registertest.RegisterTest@8458f04]" started-at="2024-08-09T10:52:24 IST" name="postcondition" finished-at="2024-08-09T10:52:24 IST" duration-ms="0" status="PASS">
          <reporter-output>
            <line>
              <![CDATA[Postcondition Done sucessfully]]>
            </line>
          </reporter-output>
        </test-method> <!-- postcondition -->
        <test-method is-config="true" signature="terminatesuiteconnection()[pri:0, instance:com.Amazokort.registertest.RegisterTest@8458f04]" started-at="2024-08-09T10:52:24 IST" name="terminatesuiteconnection" finished-at="2024-08-09T10:52:24 IST" duration-ms="1" status="PASS">
          <reporter-output>
            <line>
              <![CDATA[Terminatesuiteconnection Done sucessfully]]>
            </line>
          </reporter-output>
        </test-method> <!-- terminatesuiteconnection -->
      </class> <!-- com.Amazokort.registertest.RegisterTest -->
    </test> <!-- Test -->
  </suite> <!-- Suite -->
</testng-results>
