<?xml version="1.0" encoding="UTF-8"?>
<testng-results ignored="0" total="4" passed="4" failed="0" skipped="0">
  <reporter-output>
    <line>
      <![CDATA[get SuiteConnections done Successful]]>
    </line>
    <line>
      <![CDATA[Pre Condition Successful]]>
    </line>
    <line>
      <![CDATA[BrowserSetup chromesuccessful]]>
    </line>
    <line>
      <![CDATA[Login Successful]]>
    </line>
    <line>
      <![CDATA[Logout Successful]]>
    </line>
    <line>
      <![CDATA[Login Successful]]>
    </line>
    <line>
      <![CDATA[RegisterButtoncolour]]>
    </line>
    <line>
      <![CDATA[Logout Successful]]>
    </line>
    <line>
      <![CDATA[Login Successful]]>
    </line>
    <line>
      <![CDATA[RegisterButtonposition]]>
    </line>
    <line>
      <![CDATA[Logout Successful]]>
    </line>
    <line>
      <![CDATA[Login Successful]]>
    </line>
    <line>
      <![CDATA[RegisterButtonsize]]>
    </line>
    <line>
      <![CDATA[Logout Successful]]>
    </line>
    <line>
      <![CDATA[CloseBrowser Successful]]>
    </line>
    <line>
      <![CDATA[Postcondition done Successful]]>
    </line>
    <line>
      <![CDATA[terminate SuiteConnections done Successful]]>
    </line>
  </reporter-output>
  <suite started-at="2024-09-12T16:01:28 IST" name="Suite" finished-at="2024-09-12T16:01:35 IST" duration-ms="6632">
    <groups>
    </groups>
    <test started-at="2024-09-12T16:01:28 IST" name="Test" finished-at="2024-09-12T16:01:35 IST" duration-ms="6632">
      <class name="com.Amazokort.registertest.RegisterTest">
        <test-method is-config="true" signature="getSuiteConnections()[pri:0, instance:com.Amazokort.registertest.RegisterTest@231f98ef]" started-at="2024-09-12T16:01:28 IST" name="getSuiteConnections" finished-at="2024-09-12T16:01:28 IST" duration-ms="9" status="PASS">
          <reporter-output>
            <line>
              <![CDATA[get SuiteConnections done Successful]]>
            </line>
          </reporter-output>
        </test-method> <!-- getSuiteConnections -->
        <test-method is-config="true" signature="precondition()[pri:0, instance:com.Amazokort.registertest.RegisterTest@231f98ef]" started-at="2024-09-12T16:01:28 IST" name="precondition" finished-at="2024-09-12T16:01:28 IST" duration-ms="246" status="PASS">
          <reporter-output>
            <line>
              <![CDATA[Pre Condition Successful]]>
            </line>
          </reporter-output>
        </test-method> <!-- precondition -->
        <test-method is-config="true" signature="browserSetUp(java.lang.String)[pri:0, instance:com.Amazokort.registertest.RegisterTest@231f98ef]" started-at="2024-09-12T16:01:28 IST" name="browserSetUp" finished-at="2024-09-12T16:01:31 IST" duration-ms="2387" status="PASS">
          <params>
            <param index="0">
              <value>
                <![CDATA[chrome]]>
              </value>
            </param>
          </params>
          <reporter-output>
            <line>
              <![CDATA[BrowserSetup chromesuccessful]]>
            </line>
          </reporter-output>
        </test-method> <!-- browserSetUp -->
        <test-method is-config="true" signature="Login()[pri:0, instance:com.Amazokort.registertest.RegisterTest@231f98ef]" started-at="2024-09-12T16:01:31 IST" name="Login" finished-at="2024-09-12T16:01:31 IST" duration-ms="2" status="PASS">
          <reporter-output>
            <line>
              <![CDATA[Login Successful]]>
            </line>
          </reporter-output>
        </test-method> <!-- Login -->
        <test-method signature="registerValidData()[pri:0, instance:com.Amazokort.registertest.RegisterTest@231f98ef]" started-at="2024-09-12T16:01:31 IST" name="registerValidData" finished-at="2024-09-12T16:01:34 IST" duration-ms="3368" status="PASS">
          <reporter-output>
          </reporter-output>
        </test-method> <!-- registerValidData -->
        <test-method is-config="true" signature="Logout()[pri:0, instance:com.Amazokort.registertest.RegisterTest@231f98ef]" started-at="2024-09-12T16:01:34 IST" name="Logout" finished-at="2024-09-12T16:01:34 IST" duration-ms="0" status="PASS">
          <reporter-output>
            <line>
              <![CDATA[Logout Successful]]>
            </line>
          </reporter-output>
        </test-method> <!-- Logout -->
        <test-method is-config="true" signature="Login()[pri:0, instance:com.Amazokort.registertest.RegisterTest@231f98ef]" started-at="2024-09-12T16:01:34 IST" name="Login" finished-at="2024-09-12T16:01:34 IST" duration-ms="1" status="PASS">
          <reporter-output>
            <line>
              <![CDATA[Login Successful]]>
            </line>
          </reporter-output>
        </test-method> <!-- Login -->
        <test-method signature="validateRegisterButtoncolour()[pri:0, instance:com.Amazokort.registertest.RegisterTest@231f98ef]" started-at="2024-09-12T16:01:34 IST" name="validateRegisterButtoncolour" finished-at="2024-09-12T16:01:34 IST" duration-ms="69" status="PASS">
          <reporter-output>
            <line>
              <![CDATA[RegisterButtoncolour]]>
            </line>
          </reporter-output>
        </test-method> <!-- validateRegisterButtoncolour -->
        <test-method is-config="true" signature="Logout()[pri:0, instance:com.Amazokort.registertest.RegisterTest@231f98ef]" started-at="2024-09-12T16:01:34 IST" name="Logout" finished-at="2024-09-12T16:01:34 IST" duration-ms="1" status="PASS">
          <reporter-output>
            <line>
              <![CDATA[Logout Successful]]>
            </line>
          </reporter-output>
        </test-method> <!-- Logout -->
        <test-method signature="validateRegisterButtonposition()[pri:0, instance:com.Amazokort.registertest.RegisterTest@231f98ef]" started-at="2024-09-12T16:01:34 IST" name="validateRegisterButtonposition" finished-at="2024-09-12T16:01:34 IST" duration-ms="62" status="PASS">
          <reporter-output>
            <line>
              <![CDATA[RegisterButtonposition]]>
            </line>
          </reporter-output>
        </test-method> <!-- validateRegisterButtonposition -->
        <test-method is-config="true" signature="Login()[pri:0, instance:com.Amazokort.registertest.RegisterTest@231f98ef]" started-at="2024-09-12T16:01:34 IST" name="Login" finished-at="2024-09-12T16:01:34 IST" duration-ms="0" status="PASS">
          <reporter-output>
            <line>
              <![CDATA[Login Successful]]>
            </line>
          </reporter-output>
        </test-method> <!-- Login -->
        <test-method is-config="true" signature="Logout()[pri:0, instance:com.Amazokort.registertest.RegisterTest@231f98ef]" started-at="2024-09-12T16:01:34 IST" name="Logout" finished-at="2024-09-12T16:01:34 IST" duration-ms="0" status="PASS">
          <reporter-output>
            <line>
              <![CDATA[Logout Successful]]>
            </line>
          </reporter-output>
        </test-method> <!-- Logout -->
        <test-method signature="validateRegisterButtonsize()[pri:0, instance:com.Amazokort.registertest.RegisterTest@231f98ef]" started-at="2024-09-12T16:01:34 IST" name="validateRegisterButtonsize" finished-at="2024-09-12T16:01:34 IST" duration-ms="52" status="PASS">
          <reporter-output>
            <line>
              <![CDATA[RegisterButtonsize]]>
            </line>
          </reporter-output>
        </test-method> <!-- validateRegisterButtonsize -->
        <test-method is-config="true" signature="Login()[pri:0, instance:com.Amazokort.registertest.RegisterTest@231f98ef]" started-at="2024-09-12T16:01:34 IST" name="Login" finished-at="2024-09-12T16:01:34 IST" duration-ms="0" status="PASS">
          <reporter-output>
            <line>
              <![CDATA[Login Successful]]>
            </line>
          </reporter-output>
        </test-method> <!-- Login -->
        <test-method is-config="true" signature="Logout()[pri:0, instance:com.Amazokort.registertest.RegisterTest@231f98ef]" started-at="2024-09-12T16:01:34 IST" name="Logout" finished-at="2024-09-12T16:01:34 IST" duration-ms="1" status="PASS">
          <reporter-output>
            <line>
              <![CDATA[Logout Successful]]>
            </line>
          </reporter-output>
        </test-method> <!-- Logout -->
        <test-method is-config="true" signature="closebrowser()[pri:0, instance:com.Amazokort.registertest.RegisterTest@231f98ef]" started-at="2024-09-12T16:01:34 IST" name="closebrowser" finished-at="2024-09-12T16:01:34 IST" duration-ms="103" status="PASS">
          <reporter-output>
            <line>
              <![CDATA[CloseBrowser Successful]]>
            </line>
          </reporter-output>
        </test-method> <!-- closebrowser -->
        <test-method is-config="true" signature="postcondition()[pri:0, instance:com.Amazokort.registertest.RegisterTest@231f98ef]" started-at="2024-09-12T16:01:34 IST" name="postcondition" finished-at="2024-09-12T16:01:35 IST" duration-ms="289" status="PASS">
          <reporter-output>
            <line>
              <![CDATA[Postcondition done Successful]]>
            </line>
          </reporter-output>
        </test-method> <!-- postcondition -->
        <test-method is-config="true" signature="terminateSuiteConnections()[pri:0, instance:com.Amazokort.registertest.RegisterTest@231f98ef]" started-at="2024-09-12T16:01:35 IST" name="terminateSuiteConnections" finished-at="2024-09-12T16:01:35 IST" duration-ms="1" status="PASS">
          <reporter-output>
            <line>
              <![CDATA[terminate SuiteConnections done Successful]]>
            </line>
          </reporter-output>
        </test-method> <!-- terminateSuiteConnections -->
      </class> <!-- com.Amazokort.registertest.RegisterTest -->
    </test> <!-- Test -->
  </suite> <!-- Suite -->
</testng-results>
