<?xml version="1.0" encoding="UTF-8"?>
<!-- Generated by org.testng.reporters.JUnitXMLReporter -->
<testsuite ignored="0" hostname="Joshni" failures="0" tests="4" name="Test" time="0.132" errors="0" timestamp="2024-09-11T16:43:01 IST">
  <testcase classname="com.Amazokart.generic.common.BaseClass" name="@BeforeTest precondition" time="0.057">
    <failure type="java.lang.NullPointerException" message="Cannot invoke &amp;quot;com.aventstack.extentreports.ExtentReports.attachReporter(com.aventstack.extentreports.observer.ExtentObserver[])&amp;quot; because &amp;quot;this.report&amp;quot; is null">
      <![CDATA[java.lang.NullPointerException: Cannot invoke "com.aventstack.extentreports.ExtentReports.attachReporter(com.aventstack.extentreports.observer.ExtentObserver[])" because "this.report" is null
at com.Amazokart.generic.common.BaseClass.precondition(BaseClass.java:45)
... Removed 22 stack frames]]>
    </failure>
  </testcase> <!-- @BeforeTest precondition -->
  <testcase classname="com.Amazokart.generic.common.BaseClass" name="@BeforeClass browserSetUp" time="0.0">
    <skipped/>
  </testcase> <!-- @BeforeClass browserSetUp -->
  <testcase classname="com.Amazokart.generic.common.BaseClass" name="@BeforeMethod Login" time="0.0">
    <skipped/>
  </testcase> <!-- @BeforeMethod Login -->
  <testcase classname="com.Amazokart.generic.common.BaseClass" name="@AfterMethod Logout" time="0.0">
    <skipped/>
  </testcase> <!-- @AfterMethod Logout -->
  <testcase classname="com.Amazokart.generic.common.BaseClass" name="@BeforeMethod Login" time="0.0">
    <skipped/>
  </testcase> <!-- @BeforeMethod Login -->
  <testcase classname="com.Amazokart.generic.common.BaseClass" name="@AfterMethod Logout" time="0.0">
    <skipped/>
  </testcase> <!-- @AfterMethod Logout -->
  <testcase classname="com.Amazokart.generic.common.BaseClass" name="@BeforeMethod Login" time="0.0">
    <skipped/>
  </testcase> <!-- @BeforeMethod Login -->
  <testcase classname="com.Amazokart.generic.common.BaseClass" name="@AfterMethod Logout" time="0.0">
    <skipped/>
  </testcase> <!-- @AfterMethod Logout -->
  <testcase classname="com.Amazokart.generic.common.BaseClass" name="@BeforeMethod Login" time="0.0">
    <skipped/>
  </testcase> <!-- @BeforeMethod Login -->
  <testcase classname="com.Amazokart.generic.common.BaseClass" name="@AfterMethod Logout" time="0.0">
    <skipped/>
  </testcase> <!-- @AfterMethod Logout -->
  <testcase classname="com.Amazokart.generic.common.BaseClass" name="@AfterClass closebrowser" time="0.0">
    <skipped/>
  </testcase> <!-- @AfterClass closebrowser -->
  <testcase classname="com.Amazokart.generic.common.BaseClass" name="@AfterTest postcondition" time="0.0">
    <skipped/>
  </testcase> <!-- @AfterTest postcondition -->
  <testcase classname="com.Amazokort.registertest.RegisterTest" name="registerValidData" time="0.0">
    <skipped/>
  </testcase> <!-- registerValidData -->
  <testcase classname="com.Amazokort.registertest.RegisterTest" name="validateRegisterButtoncolour" time="0.0">
    <skipped/>
  </testcase> <!-- validateRegisterButtoncolour -->
  <testcase classname="com.Amazokort.registertest.RegisterTest" name="validateRegisterButtonposition" time="0.0">
    <skipped/>
  </testcase> <!-- validateRegisterButtonposition -->
  <testcase classname="com.Amazokort.registertest.RegisterTest" name="validateRegisterButtonsize" time="0.0">
    <skipped/>
  </testcase> <!-- validateRegisterButtonsize -->
</testsuite> <!-- Test -->
